Sun Jan 21 2024 15:47:43 } [PH] info: 🛢 Database is connected successfully
Sun Jan 21 2024 15:47:43 } [PH] info: Application  listening on port 3000
Sun Jan 21 2024 15:48:18 } [TOHFA] info: 🛢 Database is connected successfully
Sun Jan 21 2024 15:48:18 } [TOHFA] info: Application  listening on port 3000
Sun Jan 21 2024 15:48:28 } [TOHFA_ENT] info: 🛢 Database is connected successfully
Sun Jan 21 2024 15:48:28 } [TOHFA_ENT] info: Application  listening on port 3000
Sun Jan 21 2024 15:48:36 } [TOHFA_ENT_SYSTEM] info: 🛢 Database is connected successfully
Sun Jan 21 2024 15:48:36 } [TOHFA_ENT_SYSTEM] info: Application  listening on port 3000
Sun Jan 21 2024 15:48:52 } [TOHFA_ENT_SYSTEM] info: 🛢 Database is connected successfully
Sun Jan 21 2024 15:48:52 } [TOHFA_ENT_SYSTEM] info: Application  listening on port 3000
Sun Jan 21 2024 15:48:59 } [TOHFA_ENT_SYSTEM] info: 🛢 Database is connected successfully
Sun Jan 21 2024 15:48:59 } [TOHFA_ENT_SYSTEM] info: Application  listening on port 3000
Sun Jan 21 2024 15:49:4 } [TOHFA_ENT_SYSTEM] info: 🛢 Database is connected successfully
Sun Jan 21 2024 15:49:4 } [TOHFA_ENT_SYSTEM] info: Application  listening on port 3000
Sun Jan 21 2024 15:49:17 } [TOHFA_ENT_SYSTEM] info: 🛢 Database is connected successfully
Sun Jan 21 2024 15:49:17 } [TOHFA_ENT_SYSTEM] info: Application  listening on port 3000
Sun Jan 21 2024 15:54:6 } [TOHFA_ENT_SYSTEM] info: 🛢 Database is connected successfully
Sun Jan 21 2024 15:54:6 } [TOHFA_ENT_SYSTEM] info: Application  listening on port 3000
Sun Jan 21 2024 15:54:15 } [TOHFA_ENT_SYSTEM] info: 🛢 Database is connected successfully
Sun Jan 21 2024 15:54:15 } [TOHFA_ENT_SYSTEM] info: Application  listening on port 3000
Sun Jan 21 2024 15:55:6 } [TOHFA_ENT_SYSTEM] info: 🛢 Database is connected successfully
Sun Jan 21 2024 15:55:6 } [TOHFA_ENT_SYSTEM] info: Application  listening on port 3000
